2016-08-29 21:06:01,978 - root - INFO - Starting up the v6sonar API program
2016-08-29 21:06:01,978 - root - DEBUG - URL: https://api.v6sonar.com:443/v1/authorize?clientSecret=7cb43a1330ddd4151a1368d443bc3c783e0e996a&clientId=6b71736a
2016-08-29 21:07:46,301 - root - INFO - Starting up the v6sonar API program
2016-08-29 21:07:46,302 - root - DEBUG - URL: https://api.v6sonar.com:443/v1/authorize?clientId=6b71736a&clientSecret=7cb43a1330ddd4151a1368d443bc3c783e0e996a
2016-08-29 21:09:59,709 - root - INFO - Starting up the v6sonar API program
2016-08-29 21:09:59,709 - root - DEBUG - URL: https://api.v6sonar.com:443/v1/authorize?clientId=6b71736a&clientSecret=7cb43a1330ddd4151a1368d443bc3c783e0e996a
2016-08-29 21:11:08,938 - root - INFO - Starting up the v6sonar API program
2016-08-29 21:11:08,938 - root - DEBUG - URL: https://api.v6sonar.com:443/v1/authorize?clientId=6b71736a&clientSecret=7cb43a1330ddd4151a1368d443bc3c783e0e996a
2016-08-29 21:22:51,252 - root - INFO - Starting up the v6sonar API program
2016-08-29 21:22:51,252 - root - DEBUG - URL: https://api.v6sonar.com:443/v1/authorize?clientSecret=7cb43a1330ddd4151a1368d443bc3c783e0e996a&clientId=6b71736a
2016-08-29 21:23:15,876 - root - INFO - Starting up the v6sonar API program
2016-08-29 21:23:15,877 - root - DEBUG - URL: https://api.v6sonar.com:443/v1/authorize?clientSecret=7cb43a1330ddd4151a1368d443bc3c783e0e996a&clientId=6b71736a
2016-08-29 21:24:46,999 - root - INFO - Starting up the v6sonar API program
2016-08-29 21:24:46,999 - root - DEBUG - URL: https://api.v6sonar.com:443/v1/authorize?clientId=6b71736a&clientSecret=7cb43a1330ddd4151a1368d443bc3c783e0e996a
2016-08-29 21:25:33,662 - root - INFO - Starting up the v6sonar API program
2016-08-29 21:25:33,662 - root - DEBUG - URL: https://api.v6sonar.com:443/v1/authorize?clientId=6b71736a&clientSecret=7cb43a1330ddd4151a1368d443bc3c783e0e996a
2016-08-29 21:27:09,676 - root - INFO - Starting up the v6sonar API program
2016-08-29 21:27:09,676 - root - DEBUG - URL: https://api.v6sonar.com:443/v1/authorize?clientSecret=7cb43a1330ddd4151a1368d443bc3c783e0e996a&clientId=6b71736a
2016-08-29 21:28:21,493 - root - INFO - Starting up the v6sonar API program
2016-08-29 21:28:21,493 - root - DEBUG - URL: https://api.v6sonar.com:443/v1/authorize?clientId=6b71736a&clientSecret=7cb43a1330ddd4151a1368d443bc3c783e0e996a
2016-08-29 21:29:59,074 - root - INFO - Starting up the v6sonar API program
2016-08-29 21:29:59,074 - root - DEBUG - URL: https://api.v6sonar.com:443/v1/authorize?clientId=6b71736a&clientSecret=7cb43a1330ddd4151a1368d443bc3c783e0e996a
2016-08-29 21:31:30,903 - root - INFO - Starting up the v6sonar API program
2016-08-29 21:31:30,903 - root - DEBUG - URL: https://api.v6sonar.com:443/v1/authorize?clientSecret=7cb43a1330ddd4151a1368d443bc3c783e0e996a&clientId=6b71736a
2016-08-29 21:34:30,405 - root - INFO - Starting up the v6sonar API program
2016-08-29 21:34:30,405 - root - DEBUG - URL: https://api.v6sonar.com:443/v1/authorize?clientId=6b71736a&clientSecret=7cb43a1330ddd4151a1368d443bc3c783e0e996a
2016-08-29 21:34:31,506 - root - DEBUG - URL: https://api.v6sonar.com:443/v1/account/706d6d61
2016-08-29 21:35:25,763 - root - INFO - Starting up the v6sonar API program
2016-08-29 21:35:25,763 - root - DEBUG - URL: https://api.v6sonar.com:443/v1/authorize?clientSecret=7cb43a1330ddd4151a1368d443bc3c783e0e996a&clientId=6b71736a
2016-08-29 21:35:26,020 - root - DEBUG - URL: https://api.v6sonar.com:443/v1/account/706d6d61
2016-08-29 21:37:11,655 - root - INFO - Starting up the v6sonar API program
2016-08-29 21:37:11,656 - root - DEBUG - URL: https://api.v6sonar.com:443/v1/authorize?clientSecret=7cb43a1330ddd4151a1368d443bc3c783e0e996a&clientId=6b71736a
2016-08-29 21:37:12,087 - root - DEBUG - URL: https://api.v6sonar.com:443/v1/accounts/706d6d61
2016-08-29 21:40:17,879 - root - INFO - Starting up the v6sonar API program
2016-08-29 21:40:17,879 - root - DEBUG - URL: https://api.v6sonar.com:443/v1/authorize?clientSecret=7cb43a1330ddd4151a1368d443bc3c783e0e996a&clientId=6b71736a
2016-08-29 21:40:18,615 - root - DEBUG - URL: https://api.v6sonar.com:443/v1/accounts/706d6d61
2016-08-29 21:40:30,880 - root - INFO - Starting up the v6sonar API program
2016-08-29 21:40:30,880 - root - DEBUG - URL: https://api.v6sonar.com:443/v1/authorize?clientId=6b71736a&clientSecret=7cb43a1330ddd4151a1368d443bc3c783e0e996a
2016-08-29 21:40:31,088 - root - DEBUG - URL: https://api.v6sonar.com:443/v1/accounts/706d6d61
2016-08-29 21:41:14,744 - root - INFO - Starting up the v6sonar API program
2016-08-29 21:41:14,744 - root - DEBUG - URL: https://api.v6sonar.com:443/v1/authorize?clientSecret=7cb43a1330ddd4151a1368d443bc3c783e0e996a&clientId=6b71736a
2016-08-29 21:41:14,944 - root - DEBUG - URL: https://api.v6sonar.com:443/v1/accounts/706d6d61
2016-08-29 21:45:19,705 - root - INFO - Starting up the v6sonar API program
2016-08-29 21:45:19,705 - root - DEBUG - URL: https://api.v6sonar.com:443/v1/authorize?clientSecret=7cb43a1330ddd4151a1368d443bc3c783e0e996a&clientId=6b71736a
2016-08-29 21:45:20,330 - root - DEBUG - URL: https://api.v6sonar.com:443/v1/accounts/706d6d61
2016-08-29 21:45:37,517 - root - INFO - Starting up the v6sonar API program
2016-08-29 21:45:37,517 - root - DEBUG - URL: https://api.v6sonar.com:443/v1/authorize?clientId=6b71736a&clientSecret=7cb43a1330ddd4151a1368d443bc3c783e0e996a
2016-08-29 21:45:37,654 - root - DEBUG - URL: https://api.v6sonar.com:443/v1/accounts/706d6d61
2016-08-29 21:46:47,715 - root - INFO - Starting up the v6sonar API program
2016-08-29 21:46:47,715 - root - DEBUG - URL: https://api.v6sonar.com:443/v1/authorize?clientSecret=7cb43a1330ddd4151a1368d443bc3c783e0e996a&clientId=6b71736a
2016-08-29 21:46:47,889 - root - DEBUG - URL: https://api.v6sonar.com:443/v1/accounts/706d6d61
2016-08-29 21:47:10,037 - root - INFO - Starting up the v6sonar API program
2016-08-29 21:47:10,037 - root - DEBUG - URL: https://api.v6sonar.com:443/v1/authorize?clientSecret=7cb43a1330ddd4151a1368d443bc3c783e0e996a&clientId=6b71736a
2016-08-29 21:47:10,215 - root - DEBUG - URL: https://api.v6sonar.com:443/v1/accounts/706d6d61
2016-08-29 21:47:37,573 - root - INFO - Starting up the v6sonar API program
2016-08-29 21:47:37,573 - root - DEBUG - URL: https://api.v6sonar.com:443/v1/authorize?clientId=6b71736a&clientSecret=7cb43a1330ddd4151a1368d443bc3c783e0e996a
2016-08-29 21:47:37,872 - root - DEBUG - URL: https://api.v6sonar.com:443/v1/accounts/706d6d61
2016-08-29 21:47:46,685 - root - INFO - Starting up the v6sonar API program
2016-08-29 21:47:46,685 - root - DEBUG - URL: https://api.v6sonar.com:443/v1/authorize?clientId=6b71736a&clientSecret=7cb43a1330ddd4151a1368d443bc3c783e0e996a
2016-08-29 21:47:46,906 - root - DEBUG - URL: https://api.v6sonar.com:443/v1/accounts/706d6d61
2016-08-29 21:50:01,960 - root - INFO - Starting up the v6sonar API program
2016-08-29 21:50:01,960 - root - DEBUG - URL: https://api.v6sonar.com:443/v1/authorize?clientSecret=7cb43a1330ddd4151a1368d443bc3c783e0e996a&clientId=6b71736a
2016-08-29 21:50:02,155 - root - DEBUG - URL: https://api.v6sonar.com:443/v1/accounts/706d6d61
2016-08-29 21:52:10,502 - root - INFO - Starting up the v6sonar API program
2016-08-29 21:52:10,502 - root - DEBUG - URL: https://api.v6sonar.com:443/v1/authorize?clientId=6b71736a&clientSecret=7cb43a1330ddd4151a1368d443bc3c783e0e996a
2016-08-29 21:52:10,729 - root - DEBUG - URL: https://api.v6sonar.com:443/v1/accounts/706d6d61
2016-08-29 21:52:43,020 - root - INFO - Starting up the v6sonar API program
2016-08-29 21:52:43,020 - root - DEBUG - URL: https://api.v6sonar.com:443/v1/authorize?clientSecret=7cb43a1330ddd4151a1368d443bc3c783e0e996a&clientId=6b71736a
2016-08-29 21:52:43,573 - root - DEBUG - URL: https://api.v6sonar.com:443/v1/accounts/706d6d61
2016-08-29 21:52:58,562 - root - INFO - Starting up the v6sonar API program
2016-08-29 21:52:58,562 - root - DEBUG - URL: https://api.v6sonar.com:443/v1/authorize?clientId=6b71736a&clientSecret=7cb43a1330ddd4151a1368d443bc3c783e0e996a
2016-08-29 21:52:58,677 - root - DEBUG - URL: https://api.v6sonar.com:443/v1/accounts/706d6d61
2016-09-06 10:51:39,187 - root - INFO - Starting up the v6sonar API wrapper
2016-09-06 10:51:39,189 - root - DEBUG - URL: https://api.v6sonar.com:443/v1/authorize?clientSecret=7cb43a1330ddd4151a1368d443bc3c783e0e996a&clientId=6b71736a
2016-09-06 10:51:39,403 - root - DEBUG - URL: https://api.v6sonar.com:443/v1/accounts/706d6d61
2016-09-06 10:52:40,699 - root - INFO - Starting up the v6sonar API wrapper
2016-09-06 10:52:40,699 - root - DEBUG - URL: https://api.v6sonar.com:443/v1/authorize?clientSecret=7cb43a1330ddd4151a1368d443bc3c783e0e996a&clientId=6b71736a
2016-09-06 10:52:40,812 - root - DEBUG - URL: https://api.v6sonar.com:443/v1/accounts/706d6d61
2016-09-06 10:53:13,330 - root - INFO - Starting up the v6sonar API wrapper
2016-09-06 10:53:13,330 - root - DEBUG - URL: https://api.v6sonar.com:443/v1/authorize?clientId=6b71736a&clientSecret=7cb43a1330ddd4151a1368d443bc3c783e0e996a
2016-09-06 10:53:13,456 - root - DEBUG - URL: https://api.v6sonar.com:443/v1/accounts/706d6d61
2016-09-06 10:53:30,890 - root - INFO - Starting up the v6sonar API wrapper
2016-09-06 10:53:30,890 - root - DEBUG - URL: https://api.v6sonar.com:443/v1/authorize?clientId=6b71736a&clientSecret=7cb43a1330ddd4151a1368d443bc3c783e0e996a
2016-09-06 10:53:31,001 - root - DEBUG - URL: https://api.v6sonar.com:443/v1/accounts/706d6d61
2016-09-06 10:54:14,817 - root - INFO - Starting up the v6sonar API wrapper
2016-09-06 10:54:14,817 - root - DEBUG - URL: https://api.v6sonar.com:443/v1/authorize?clientSecret=7cb43a1330ddd4151a1368d443bc3c783e0e996a&clientId=6b71736a
2016-09-06 10:54:14,930 - root - DEBUG - URL: https://api.v6sonar.com:443/v1/accounts/706d6d61
2016-09-06 10:54:15,023 - root - DEBUG - URL: https://api.v6sonar.com:443/v1/authorize?clientSecret=7cb43a1330ddd4151a1368d443bc3c783e0e996a&clientId=6b71736a
2016-09-06 10:56:32,803 - root - INFO - Starting up the v6sonar API wrapper
2016-09-06 10:56:32,803 - root - DEBUG - URL: https://api.v6sonar.com:443/v1/authorize?clientId=6b71736a&clientSecret=7cb43a1330ddd4151a1368d443bc3c783e0e996a
2016-09-06 10:56:32,929 - root - DEBUG - URL: https://api.v6sonar.com:443/v1/accounts/706d6d61
2016-09-06 11:07:25,342 - root - INFO - Starting up the v6sonar API wrapper
2016-09-06 11:07:25,343 - root - DEBUG - URL: https://api.v6sonar.com:443/v1/authorize?clientId=767a326d&clientSecret=7cb43a1330ddd4151a1368d443bc3c783e0e996a
2016-09-06 11:11:33,127 - root - INFO - Starting up the v6sonar API wrapper
2016-09-06 11:11:33,127 - root - DEBUG - URL: https://api.v6sonar.com:443/v1/authorize?clientSecret=7cb43a1330ddd4151a1368d443bc3c783e0e996a&clientId=72733776
2016-09-06 11:12:40,933 - root - INFO - Starting up the v6sonar API wrapper
2016-09-06 11:12:40,934 - root - DEBUG - URL: https://api.v6sonar.com:443/v1/authorize?clientSecret=7cb43a1330ddd4151a1368d443bc3c783e0e996a&clientId=6b71736a
2016-09-06 11:12:41,504 - root - DEBUG - URL: https://api.v6sonar.com:443/v1/accounts/706d6d61
2016-09-06 11:17:51,515 - root - INFO - Starting up the v6sonar API wrapper
2016-09-06 11:17:51,515 - root - DEBUG - URL: https://api.v6sonar.com:443/v1/authorize?clientSecret=7cb43a1330ddd4151a1368d443bc3c783e0e996a&clientId=6b71736a
2016-09-06 11:17:52,054 - root - DEBUG - URL: https://api.v6sonar.com:443/v1/accounts/706d6d61
2016-09-06 11:17:52,139 - root - DEBUG - URL: https://api.v6sonar.com:443/v1/users/
2016-09-06 11:18:36,413 - root - INFO - Starting up the v6sonar API wrapper
2016-09-06 11:18:36,413 - root - DEBUG - URL: https://api.v6sonar.com:443/v1/authorize?clientSecret=7cb43a1330ddd4151a1368d443bc3c783e0e996a&clientId=6b71736a
2016-09-06 11:18:36,517 - root - DEBUG - URL: https://api.v6sonar.com:443/v1/accounts/706d6d61
2016-09-06 11:18:36,589 - root - DEBUG - URL: https://api.v6sonar.com:443/v1/users
2016-09-06 16:08:26,422 - root - INFO - Starting up the v6sonar API wrapper
2016-09-06 16:08:26,423 - root - DEBUG - URL: https://api.v6sonar.com:443/v1/authorize?clientSecret=7cb43a1330ddd4151a1368d443bc3c783e0e996a&clientId=6b71736a
2016-09-06 16:08:26,606 - root - DEBUG - URL: https://api.v6sonar.com:443/v1/accounts/706d6d61
2016-09-06 16:08:26,685 - root - DEBUG - URL: https://api.v6sonar.com:443/v1/users
2016-09-06 16:09:23,358 - root - INFO - Starting up the v6sonar API wrapper
2016-09-06 16:09:23,359 - root - DEBUG - URL: https://api.v6sonar.com:443/v1/authorize?clientSecret=7cb43a1330ddd4151a1368d443bc3c783e0e996a&clientId=6b71736a
2016-09-06 16:10:40,938 - root - INFO - Starting up the v6sonar API wrapper
2016-09-06 16:10:40,938 - root - DEBUG - URL: https://api.v6sonar.com:443/v1/authorize?clientId=6b71736a&clientSecret=7cb43a1330ddd4151a1368d443bc3c783e0e996a
2016-09-06 16:11:29,161 - root - INFO - Starting up the v6sonar API wrapper
2016-09-06 16:11:29,161 - root - DEBUG - URL: https://api.v6sonar.com:443/v1/authorize?clientId=6b71736a&clientSecret=7cb43a1330ddd4151a1368d443bc3c783e0e996a
2016-09-06 16:11:29,284 - root - DEBUG - URL: https://api.v6sonar.com:443/v1/accounts/706d6d61
2016-09-06 16:11:29,371 - root - DEBUG - URL: https://api.v6sonar.com:443/v1/users
2016-09-06 16:13:17,143 - root - INFO - Starting up the v6sonar API wrapper
2016-09-06 16:13:17,143 - root - DEBUG - URL: https://api.v6sonar.com:443/v1/authorize?clientId=6b71736a&clientSecret=7cb43a1330ddd4151a1368d443bc3c783e0e996a
2016-09-06 16:13:17,270 - root - DEBUG - URL: https://api.v6sonar.com:443/v1/accounts/706d6d61
2016-09-06 16:13:17,355 - root - DEBUG - URL: https://api.v6sonar.com:443/v1/users
2016-09-06 16:22:46,480 - root - INFO - Starting up the v6sonar API wrapper
2016-09-06 16:22:46,481 - root - DEBUG - URL: https://api.v6sonar.com:443/v1/authorize?clientSecret=7cb43a1330ddd4151a1368d443bc3c783e0e996a&clientId=6b71736a
2016-09-06 16:22:46,638 - root - DEBUG - URL: https://api.v6sonar.com:443/v1/accounts/706d6d61
2016-09-06 16:22:46,732 - root - DEBUG - URL: https://api.v6sonar.com:443/v1/authorize?clientSecret=7cb43a1330ddd4151a1368d443bc3c783e0e996a&clientId=6b71736a
2016-09-06 16:22:46,829 - root - DEBUG - URL: https://api.v6sonar.com:443/v1/users
2016-09-06 16:23:24,928 - root - INFO - Starting up the v6sonar API wrapper
2016-09-06 16:23:24,928 - root - DEBUG - URL: https://api.v6sonar.com:443/v1/authorize?clientSecret=7cb43a1330ddd4151a1368d443bc3c783e0e996a&clientId=6b71736a
2016-09-06 16:23:25,045 - root - DEBUG - URL: https://api.v6sonar.com:443/v1/accounts/706d6d61
2016-09-06 16:23:25,128 - root - DEBUG - URL: https://api.v6sonar.com:443/v1/users
2016-09-06 16:26:37,960 - root - INFO - Starting up the v6sonar API wrapper
2016-09-06 16:26:37,961 - root - DEBUG - URL: https://api.v6sonar.com:443/v1/authorize?clientSecret=7cb43a1330ddd4151a1368d443bc3c783e0e996a&clientId=6b71736a
2016-09-06 16:26:38,079 - root - DEBUG - URL: https://api.v6sonar.com:443/v1/accounts/706d6d61
2016-09-06 16:26:38,175 - root - DEBUG - URL: https://api.v6sonar.com:443/v1/users?clientSecret=7cb43a1330ddd4151a1368d443bc3c783e0e996a&clientId=6b71736a
2016-09-06 16:28:09,550 - root - INFO - Starting up the v6sonar API wrapper
2016-09-06 16:28:09,550 - root - DEBUG - URL: https://api.v6sonar.com:443/v1/authorize?clientId=6b71736a&clientSecret=7cb43a1330ddd4151a1368d443bc3c783e0e996a
2016-09-06 16:28:10,491 - root - DEBUG - URL: https://api.v6sonar.com:443/v1/accounts/706d6d61
2016-09-06 16:28:10,578 - root - DEBUG - URL: https://api.v6sonar.com:443/v1/users?clientId=6b71736a&clientSecret=7cb43a1330ddd4151a1368d443bc3c783e0e996a
2016-09-06 16:28:27,420 - root - INFO - Starting up the v6sonar API wrapper
2016-09-06 16:28:27,420 - root - DEBUG - URL: https://api.v6sonar.com:443/v1/authorize?clientId=6b71736a&clientSecret=7cb43a1330ddd4151a1368d443bc3c783e0e996a
2016-09-06 16:28:27,509 - root - DEBUG - URL: https://api.v6sonar.com:443/v1/accounts/706d6d61
2016-09-06 16:28:27,606 - root - DEBUG - URL: https://api.v6sonar.com:443/v1/users?clientId=6b71736a&clientSecret=7cb43a1330ddd4151a1368d443bc3c783e0e996a
2016-09-06 17:13:31,239 - root - INFO - Starting up the v6sonar API wrapper
2016-09-06 17:13:31,240 - root - DEBUG - URL: https://api.v6sonar.com:443/v1/authorize?clientId=6b71736a&clientSecret=7cb43a1330ddd4151a1368d443bc3c783e0e996a
2016-09-06 17:13:31,391 - root - DEBUG - URL: https://api.v6sonar.com:443/v1/accounts/706d6d61
2016-09-06 17:13:31,493 - root - DEBUG - URL: https://api.v6sonar.com:443/v1/users?clientId=6b71736a&clientSecret=7cb43a1330ddd4151a1368d443bc3c783e0e996a
2016-09-07 10:18:15,404 - root - INFO - Starting up the v6sonar API wrapper
2016-09-07 10:18:15,405 - root - DEBUG - URL: https://api.v6sonar.com:443/v1/authorize?clientSecret=7cb43a1330ddd4151a1368d443bc3c783e0e996a&clientId=6b71736a
2016-09-07 10:19:49,406 - root - INFO - Starting up the v6sonar API wrapper
2016-09-07 10:19:49,407 - root - DEBUG - URL: https://api.v6sonar.com:443/v1/authorize?clientSecret=7cb43a1330ddd4151a1368d443bc3c783e0e996a&clientId=6b71736a
2016-09-07 10:19:49,534 - root - DEBUG - URL: https://api.v6sonar.com:443/v1/authorize?clientSecret=7cb43a1330ddd4151a1368d443bc3c783e0e996a&clientId=6b71736a
2016-09-07 10:19:59,651 - root - INFO - Starting up the v6sonar API wrapper
2016-09-07 10:19:59,651 - root - DEBUG - URL: https://api.v6sonar.com:443/v1/authorize?clientSecret=7cb43a1330ddd4151a1368d443bc3c783e0e996a&clientId=6b71736a
2016-09-07 10:19:59,746 - root - DEBUG - URL: https://api.v6sonar.com:443/v1/authorize?clientSecret=7cb43a1330ddd4151a1368d443bc3c783e0e996a&clientId=6b71736a
2016-09-07 10:20:32,482 - root - INFO - Starting up the v6sonar API wrapper
2016-09-07 10:20:32,482 - root - DEBUG - URL: https://api.v6sonar.com:443/v1/authorize?clientSecret=7cb43a1330ddd4151a1368d443bc3c783e0e996a&clientId=6b71736a
2016-09-07 10:20:32,605 - root - DEBUG - URL: https://api.v6sonar.com:443/v1/authorize?clientSecret=7cb43a1330ddd4151a1368d443bc3c783e0e996a&clientId=6b71736a
2016-09-07 10:22:36,176 - root - INFO - Starting up the v6sonar API wrapper
2016-09-07 10:22:36,177 - root - DEBUG - URL: https://api.v6sonar.com:443/v1/authorize?clientSecret=7cb43a1330ddd4151a1368d443bc3c783e0e996a&clientId=6b71736a
2016-09-07 10:24:00,359 - root - INFO - Starting up the v6sonar API wrapper
2016-09-07 10:24:00,359 - root - DEBUG - URL: https://api.v6sonar.com:443/v1/authorize?clientId=6b71736a&clientSecret=7cb43a1330ddd4151a1368d443bc3c783e0e996a
2016-09-07 10:24:35,926 - root - INFO - Starting up the v6sonar API wrapper
2016-09-07 10:24:35,926 - root - DEBUG - URL: https://api.v6sonar.com:443/v1/authorize?clientId=6b71736a&clientSecret=7cb43a1330ddd4151a1368d443bc3c783e0e996a
2016-09-07 10:27:13,789 - root - INFO - Starting up the v6sonar API wrapper
2016-09-07 10:27:13,789 - root - DEBUG - URL: https://api.v6sonar.com:443/v1/authorize?clientId=6b71736a&clientSecret=7cb43a1330ddd4151a1368d443bc3c783e0e996a
2016-09-07 10:27:13,910 - root - DEBUG - URL: https://api.v6sonar.com:443/v1/authorize?clientId=6b71736a&clientSecret=7cb43a1330ddd4151a1368d443bc3c783e0e996a
2016-09-07 10:27:14,005 - root - DEBUG - URL: https://api.v6sonar.com:443/v1/accounts/706d6d61
2016-09-07 10:27:14,094 - root - DEBUG - URL: https://api.v6sonar.com:443/v1/users?clientId=6b71736a&clientSecret=7cb43a1330ddd4151a1368d443bc3c783e0e996a
2016-09-07 10:29:01,646 - root - INFO - Starting up the v6sonar API wrapper
2016-09-07 10:29:01,646 - root - DEBUG - URL: https://api.v6sonar.com:443/v1/authorize?clientId=6b71736a&clientSecret=7cb43a1330ddd4151a1368d443bc3c783e0e996a
2016-09-07 10:29:02,191 - root - DEBUG - URL: https://api.v6sonar.com:443/v1/authorize?clientId=6b71736a&clientSecret=7cb43a1330ddd4151a1368d443bc3c783e0e996a
2016-09-07 10:29:33,927 - root - INFO - Starting up the v6sonar API wrapper
2016-09-07 10:29:33,927 - root - DEBUG - URL: https://api.v6sonar.com:443/v1/authorize?clientId=6b71736a&clientSecret=7cb43a1330ddd4151a1368d443bc3c783e0e996a
2016-09-07 10:29:34,054 - root - DEBUG - URL: https://api.v6sonar.com:443/v1/authorize?clientId=6b71736a&clientSecret=7cb43a1330ddd4151a1368d443bc3c783e0e996a
2016-09-07 10:30:23,495 - root - INFO - Starting up the v6sonar API wrapper
2016-09-07 10:30:23,495 - root - DEBUG - URL: https://api.v6sonar.com:443/v1/authorize?clientSecret=7cb43a1330ddd4151a1368d443bc3c783e0e996a&clientId=6b71736a
2016-09-07 10:30:23,622 - root - DEBUG - URL: https://api.v6sonar.com:443/v1/authorize?clientSecret=7cb43a1330ddd4151a1368d443bc3c783e0e996a&clientId=6b71736a
2016-09-07 10:30:23,709 - root - DEBUG - URL: https://api.v6sonar.com:443/v1/accounts/706d6d61
2016-09-07 10:30:40,005 - root - INFO - Starting up the v6sonar API wrapper
2016-09-07 10:30:40,006 - root - DEBUG - URL: https://api.v6sonar.com:443/v1/authorize?clientId=6b71736a&clientSecret=7cb43a1330ddd4151a1368d443bc3c783e0e996a
2016-09-07 10:30:40,105 - root - DEBUG - URL: https://api.v6sonar.com:443/v1/authorize?clientId=6b71736a&clientSecret=7cb43a1330ddd4151a1368d443bc3c783e0e996a
2016-09-07 10:30:40,178 - root - DEBUG - URL: https://api.v6sonar.com:443/v1/accounts/706d6d61
2016-09-07 10:30:40,265 - root - DEBUG - URL: https://api.v6sonar.com:443/v1/users?clientId=6b71736a&clientSecret=7cb43a1330ddd4151a1368d443bc3c783e0e996a
2016-09-07 10:30:51,412 - root - INFO - Starting up the v6sonar API wrapper
2016-09-07 10:30:51,413 - root - DEBUG - URL: https://api.v6sonar.com:443/v1/authorize?clientId=6b71736a&clientSecret=7cb43a1330ddd4151a1368d443bc3c783e0e996a
2016-09-07 10:30:51,498 - root - DEBUG - URL: https://api.v6sonar.com:443/v1/authorize?clientId=6b71736a&clientSecret=7cb43a1330ddd4151a1368d443bc3c783e0e996a
2016-09-07 10:30:51,599 - root - DEBUG - URL: https://api.v6sonar.com:443/v1/accounts/706d6d61
2016-09-07 10:30:51,696 - root - DEBUG - URL: https://api.v6sonar.com:443/v1/users?clientId=6b71736a&clientSecret=7cb43a1330ddd4151a1368d443bc3c783e0e996a
2016-09-07 10:31:04,333 - root - INFO - Starting up the v6sonar API wrapper
2016-09-07 10:31:04,333 - root - DEBUG - URL: https://api.v6sonar.com:443/v1/authorize?clientSecret=7cb43a1330ddd4151a1368d443bc3c783e0e996a&clientId=6b71736a
2016-09-07 10:31:04,427 - root - DEBUG - URL: https://api.v6sonar.com:443/v1/authorize?clientSecret=7cb43a1330ddd4151a1368d443bc3c783e0e996a&clientId=6b71736a
2016-09-07 10:31:04,503 - root - DEBUG - URL: https://api.v6sonar.com:443/v1/accounts/706d6d61
2016-09-07 10:31:04,588 - root - DEBUG - URL: https://api.v6sonar.com:443/v1/users?clientSecret=7cb43a1330ddd4151a1368d443bc3c783e0e996a&clientId=6b71736a
2016-09-07 10:32:09,757 - root - INFO - Starting up the v6sonar API wrapper
2016-09-07 10:32:09,757 - root - DEBUG - URL: https://api.v6sonar.com:443/v1/authorize?clientId=6b71736a&clientSecret=7cb43a1330ddd4151a1368d443bc3c783e0e996a
2016-09-07 10:32:09,883 - root - DEBUG - URL: https://api.v6sonar.com:443/v1/authorize?clientId=6b71736a&clientSecret=7cb43a1330ddd4151a1368d443bc3c783e0e996a
2016-09-07 10:32:09,991 - root - DEBUG - URL: https://api.v6sonar.com:443/v1/accounts/706d6d61
2016-09-07 10:32:10,106 - root - DEBUG - URL: https://api.v6sonar.com:443/v1/users?clientId=6b71736a&clientSecret=7cb43a1330ddd4151a1368d443bc3c783e0e996a
2016-09-07 10:32:10,106 - root - DEBUG - URL: https://api.v6sonar.com:443/v1/authorize?clientId=6b71736a&clientSecret=7cb43a1330ddd4151a1368d443bc3c783e0e996a
2016-09-07 10:32:34,275 - root - INFO - Starting up the v6sonar API wrapper
2016-09-07 10:32:34,275 - root - DEBUG - URL: https://api.v6sonar.com:443/v1/authorize?clientSecret=7cb43a1330ddd4151a1368d443bc3c783e0e996a&clientId=6b71736a
2016-09-07 10:32:34,367 - root - DEBUG - URL: https://api.v6sonar.com:443/v1/authorize?clientSecret=7cb43a1330ddd4151a1368d443bc3c783e0e996a&clientId=6b71736a
2016-09-07 10:32:34,449 - root - DEBUG - URL: https://api.v6sonar.com:443/v1/accounts/706d6d61
2016-09-07 10:32:34,530 - root - DEBUG - URL: https://api.v6sonar.com:443/v1/users?clientSecret=7cb43a1330ddd4151a1368d443bc3c783e0e996a&clientId=6b71736a
2016-09-07 10:32:34,531 - root - DEBUG - URL: https://api.v6sonar.com:443/v1/authorize?clientSecret=7cb43a1330ddd4151a1368d443bc3c783e0e996a&clientId=6b71736a
2016-09-07 10:33:21,301 - root - INFO - Starting up the v6sonar API wrapper
2016-09-07 10:33:21,301 - root - DEBUG - URL: https://api.v6sonar.com:443/v1/authorize?clientSecret=7cb43a1330ddd4151a1368d443bc3c783e0e996a&clientId=6b71736a
2016-09-07 10:33:21,416 - root - DEBUG - URL: https://api.v6sonar.com:443/v1/authorize?clientSecret=7cb43a1330ddd4151a1368d443bc3c783e0e996a&clientId=6b71736a
2016-09-07 10:33:21,506 - root - DEBUG - URL: https://api.v6sonar.com:443/v1/accounts/706d6d61
2016-09-07 10:33:21,585 - root - DEBUG - URL: https://api.v6sonar.com:443/v1/users?clientSecret=7cb43a1330ddd4151a1368d443bc3c783e0e996a&clientId=6b71736a
2016-09-07 10:33:21,585 - root - DEBUG - URL: https://api.v6sonar.com:443/v1/authorize?clientSecret=7cb43a1330ddd4151a1368d443bc3c783e0e996a&clientId=6b71736a
2016-09-07 10:34:02,111 - root - INFO - Starting up the v6sonar API wrapper
2016-09-07 10:34:02,111 - root - DEBUG - URL: https://api.v6sonar.com:443/v1/authorize?clientSecret=7cb43a1330ddd4151a1368d443bc3c783e0e996a&clientId=6b71736a
2016-09-07 10:34:02,617 - root - DEBUG - URL: https://api.v6sonar.com:443/v1/authorize?clientSecret=7cb43a1330ddd4151a1368d443bc3c783e0e996a&clientId=6b71736a
2016-09-07 10:34:02,707 - root - DEBUG - URL: https://api.v6sonar.com:443/v1/accounts/706d6d61
2016-09-07 10:34:02,804 - root - DEBUG - URL: https://api.v6sonar.com:443/v1/users?clientSecret=7cb43a1330ddd4151a1368d443bc3c783e0e996a&clientId=6b71736a
2016-09-07 10:34:02,804 - root - DEBUG - URL: https://api.v6sonar.com:443/v1/authorize?clientSecret=7cb43a1330ddd4151a1368d443bc3c783e0e996a&clientId=6b71736a
2016-09-07 10:34:37,168 - root - INFO - Starting up the v6sonar API wrapper
2016-09-07 10:34:37,168 - root - DEBUG - URL: https://api.v6sonar.com:443/v1/authorize?clientSecret=7cb43a1330ddd4151a1368d443bc3c783e0e996a&clientId=6b71736a
2016-09-07 10:34:37,716 - root - DEBUG - URL: https://api.v6sonar.com:443/v1/authorize?clientSecret=7cb43a1330ddd4151a1368d443bc3c783e0e996a&clientId=6b71736a
2016-09-07 10:34:37,795 - root - DEBUG - URL: https://api.v6sonar.com:443/v1/accounts/706d6d61
2016-09-07 10:34:37,888 - root - DEBUG - URL: https://api.v6sonar.com:443/v1/authorize?clientSecret=7cb43a1330ddd4151a1368d443bc3c783e0e996a&clientId=6b71736a
2016-09-07 10:37:27,159 - root - INFO - Starting up the v6sonar API wrapper
2016-09-07 10:37:27,159 - root - DEBUG - URL: https://api.v6sonar.com:443/v1/authorize?clientSecret=7cb43a1330ddd4151a1368d443bc3c783e0e996a&clientId=6b71736a
2016-09-07 10:37:27,285 - root - DEBUG - URL: https://api.v6sonar.com:443/v1/authorize?clientSecret=7cb43a1330ddd4151a1368d443bc3c783e0e996a&clientId=6b71736a
2016-09-07 10:37:27,365 - root - DEBUG - URL: https://api.v6sonar.com:443/v1/accounts
2016-09-07 10:37:27,464 - root - DEBUG - URL: https://api.v6sonar.com:443/v1/authorize?clientSecret=7cb43a1330ddd4151a1368d443bc3c783e0e996a&clientId=6b71736a
2016-09-07 10:38:25,271 - root - INFO - Starting up the v6sonar API wrapper
2016-09-07 10:38:25,271 - root - DEBUG - URL: https://api.v6sonar.com:443/v1/authorize?clientSecret=7cb43a1330ddd4151a1368d443bc3c783e0e996a&clientId=6b71736a
2016-09-07 10:38:25,384 - root - DEBUG - URL: https://api.v6sonar.com:443/v1/authorize?clientSecret=7cb43a1330ddd4151a1368d443bc3c783e0e996a&clientId=6b71736a
2016-09-07 10:38:25,469 - root - DEBUG - URL: https://api.v6sonar.com:443/v1/accounts/706d6d61
2016-09-07 10:38:25,561 - root - DEBUG - URL: https://api.v6sonar.com:443/v1/authorize?clientSecret=7cb43a1330ddd4151a1368d443bc3c783e0e996a&clientId=6b71736a
2016-09-07 10:40:39,517 - root - INFO - Starting up the v6sonar API wrapper
2016-09-07 10:40:39,517 - root - DEBUG - URL: https://api.v6sonar.com:443/v1/authorize?clientSecret=7cb43a1330ddd4151a1368d443bc3c783e0e996a&clientId=6b71736a
2016-09-07 10:40:39,677 - root - DEBUG - URL: https://api.v6sonar.com:443/v1/authorize?clientSecret=7cb43a1330ddd4151a1368d443bc3c783e0e996a&clientId=6b71736a
2016-09-07 10:40:39,770 - root - DEBUG - URL: https://api.v6sonar.com:443/v1/accounts/706d6d61
2016-09-07 10:40:39,864 - root - DEBUG - URL: https://api.v6sonar.com:443/v1/authorize?clientSecret=7cb43a1330ddd4151a1368d443bc3c783e0e996a&clientId=6b71736a
2016-09-07 10:40:39,942 - root - DEBUG - URL: https://api.v6sonar.com:443/v1/users
2016-09-07 10:41:19,841 - root - INFO - Starting up the v6sonar API wrapper
2016-09-07 10:41:19,841 - root - DEBUG - URL: https://api.v6sonar.com:443/v1/authorize?clientSecret=7cb43a1330ddd4151a1368d443bc3c783e0e996a&clientId=6b71736a
2016-09-07 10:41:19,986 - root - DEBUG - URL: https://api.v6sonar.com:443/v1/authorize?clientSecret=7cb43a1330ddd4151a1368d443bc3c783e0e996a&clientId=6b71736a
2016-09-07 10:41:20,078 - root - DEBUG - URL: https://api.v6sonar.com:443/v1/accounts/706d6d61
2016-09-07 10:41:20,166 - root - DEBUG - URL: https://api.v6sonar.com:443/v1/authorize?clientSecret=7cb43a1330ddd4151a1368d443bc3c783e0e996a&clientId=6b71736a
2016-09-07 10:41:20,245 - root - DEBUG - URL: https://api.v6sonar.com:443/v1/users
2016-09-07 11:04:43,301 - root - INFO - Starting up the v6sonar API wrapper
2016-09-07 11:04:43,301 - root - DEBUG - URL: https://api.v6sonar.com:443/v1/authorize?clientId=6b71736a&clientSecret=7cb43a1330ddd4151a1368d443bc3c783e0e996a
2016-09-07 11:05:22,614 - root - INFO - Starting up the v6sonar API wrapper
2016-09-07 11:05:22,614 - root - DEBUG - URL: https://api.v6sonar.com:443/v1/authorize?clientId=6b71736a&clientSecret=7cb43a1330ddd4151a1368d443bc3c783e0e996a
2016-09-07 11:05:32,030 - root - INFO - Starting up the v6sonar API wrapper
2016-09-07 11:05:32,030 - root - DEBUG - URL: https://api.v6sonar.com:443/v1/authorize?clientSecret=7cb43a1330ddd4151a1368d443bc3c783e0e996a&clientId=6b71736a
2016-09-07 11:06:14,700 - root - INFO - Starting up the v6sonar API wrapper
2016-09-07 11:06:14,700 - root - DEBUG - URL: https://api.v6sonar.com:443/v1/authorize?clientId=6b71736a&clientSecret=7cb43a1330ddd4151a1368d443bc3c783e0e996a
2016-09-07 11:08:17,816 - root - INFO - Starting up the v6sonar API wrapper
2016-09-07 11:08:17,816 - root - DEBUG - URL: https://api.v6sonar.com:443/v1/authorize?clientSecret=7cb43a1330ddd4151a1368d443bc3c783e0e996a&clientId=6b71736a
2016-09-07 11:08:19,159 - root - DEBUG - URL: https://api.v6sonar.com:443/v1/accounts/706d6d61
2016-09-07 11:08:19,256 - root - DEBUG - URL: https://api.v6sonar.com:443/v1/authorize?clientSecret=7cb43a1330ddd4151a1368d443bc3c783e0e996a&clientId=6b71736a
2016-09-07 11:08:19,340 - root - DEBUG - URL: https://api.v6sonar.com:443/v1/users
2016-09-07 11:11:25,584 - root - INFO - Starting up the v6sonar API wrapper
2016-09-07 11:11:25,584 - root - DEBUG - URL: https://api.v6sonar.com:443/v1/authorize?clientId=6b71736a&clientSecret=7cb43a1330ddd4151a1368d443bc3c783e0e996a
2016-09-07 11:11:26,146 - root - DEBUG - URL: https://api.v6sonar.com:443/v1/accounts/706d6d61
2016-09-07 11:12:21,335 - root - INFO - Starting up the v6sonar API wrapper
2016-09-07 11:12:21,335 - root - DEBUG - URL: https://api.v6sonar.com:443/v1/authorize?clientId=6b71736a&clientSecret=7cb43a1330ddd4151a1368d443bc3c783e0e996a
2016-09-07 11:12:21,467 - root - DEBUG - URL: https://api.v6sonar.com:443/v1/accounts/706d6d61
2016-09-07 11:12:21,550 - root - DEBUG - URL: https://api.v6sonar.com:443/v1/authorize?clientId=6b71736a&clientSecret=7cb43a1330ddd4151a1368d443bc3c783e0e996a
2016-09-07 11:12:21,650 - root - DEBUG - URL: https://api.v6sonar.com:443/v1/users
2016-09-07 11:13:17,420 - root - INFO - Starting up the v6sonar API wrapper
2016-09-07 11:13:17,420 - root - DEBUG - URL: https://api.v6sonar.com:443/v1/authorize?clientId=6b71736a&clientSecret=7cb43a1330ddd4151a1368d443bc3c783e0e996a
2016-09-07 11:13:17,534 - root - DEBUG - URL: https://api.v6sonar.com:443/v1/accounts/706d6d61
2016-09-07 11:13:17,611 - root - DEBUG - URL: https://api.v6sonar.com:443/v1/authorize?clientId=6b71736a&clientSecret=7cb43a1330ddd4151a1368d443bc3c783e0e996a
2016-09-07 11:13:17,698 - root - DEBUG - URL: https://api.v6sonar.com:443/v1/users
2016-09-07 13:39:22,528 - root - INFO - Starting up the v6sonar API wrapper
2016-09-07 13:39:22,530 - root - DEBUG - URL: https://api.v6sonar.com:443/v1/authorize?clientId=6b71736a&clientSecret=7cb43a1330ddd4151a1368d443bc3c783e0e996a
2016-09-07 13:39:22,679 - root - DEBUG - URL: https://api.v6sonar.com:443/v1/accounts/706d6d61
2016-09-07 13:39:22,760 - root - DEBUG - URL: https://api.v6sonar.com:443/v1/authorize?clientId=6b71736a&clientSecret=7cb43a1330ddd4151a1368d443bc3c783e0e996a
2016-09-07 13:39:22,849 - root - DEBUG - URL: https://api.v6sonar.com:443/v1/users
2016-09-07 13:57:18,676 - root - INFO - Starting up the v6sonar API wrapper
2016-09-07 13:57:18,676 - root - DEBUG - URL: https://api.v6sonar.com:443/v1/authorize?clientSecret=7cb43a1330ddd4151a1368d443bc3c783e0e996a&clientId=6b71736a
2016-09-07 13:57:18,820 - root - DEBUG - URL: https://api.v6sonar.com:443/v1/accounts/706d6d61
2016-09-07 13:57:18,901 - root - DEBUG - URL: https://api.v6sonar.com:443/v1/authorize?clientSecret=7cb43a1330ddd4151a1368d443bc3c783e0e996a&clientId=6b71736a
2016-09-07 13:57:19,023 - root - DEBUG - URL: https://api.v6sonar.com:443/v1/users
2016-09-07 13:59:35,398 - root - INFO - Starting up the v6sonar API wrapper
2016-09-07 13:59:35,399 - root - DEBUG - URL: https://api.v6sonar.com:443/v1/authorize?clientSecret=7cb43a1330ddd4151a1368d443bc3c783e0e996a&clientId=6b71736a
2016-09-07 13:59:35,550 - root - DEBUG - URL: https://api.v6sonar.com:443/v1/accounts/706d6d61
2016-09-07 13:59:35,646 - root - DEBUG - URL: https://api.v6sonar.com:443/v1/authorize?clientSecret=7cb43a1330ddd4151a1368d443bc3c783e0e996a&clientId=6b71736a
2016-09-07 13:59:35,739 - root - DEBUG - URL: https://api.v6sonar.com:443/v1/users
2016-09-07 13:59:56,507 - root - INFO - Starting up the v6sonar API wrapper
2016-09-07 13:59:56,507 - root - DEBUG - URL: https://api.v6sonar.com:443/v1/authorize?clientSecret=7cb43a1330ddd4151a1368d443bc3c783e0e996a&clientId=6b71736a
2016-09-07 13:59:56,614 - root - DEBUG - URL: https://api.v6sonar.com:443/v1/accounts/706d6d61
2016-09-07 13:59:56,705 - root - DEBUG - URL: https://api.v6sonar.com:443/v1/authorize?clientSecret=7cb43a1330ddd4151a1368d443bc3c783e0e996a&clientId=6b71736a
2016-09-07 13:59:56,776 - root - DEBUG - URL: https://api.v6sonar.com:443/v1/users
2016-09-07 17:26:02,668 - root - INFO - Starting up the v6sonar API wrapper
2016-09-07 17:26:02,670 - root - DEBUG - URL: https://api.v6sonar.com:443/v1/authorize?clientId=6b71736a&clientSecret=7cb43a1330ddd4151a1368d443bc3c783e0e996a
2016-09-07 17:26:02,805 - root - DEBUG - URL: https://api.v6sonar.com:443/v1/accounts/706d6d61
2016-09-07 17:26:02,899 - root - DEBUG - URL: https://api.v6sonar.com:443/v1/authorize?clientId=6b71736a&clientSecret=7cb43a1330ddd4151a1368d443bc3c783e0e996a
2016-09-07 17:26:02,979 - root - DEBUG - URL: https://api.v6sonar.com:443/v1/users
2016-10-20 15:27:54,602 - root - INFO - Starting up the v6sonar API wrapper
2016-10-20 15:27:54,604 - root - DEBUG - URL: https://api.v6sonar.com:443/v1/authorize?clientSecret=7cb43a1330ddd4151a1368d443bc3c783e0e996a&clientId=6b71736a
2016-10-20 15:27:54,853 - root - DEBUG - URL: https://api.v6sonar.com:443/v1/accounts/706d6d61
2016-10-20 15:27:54,976 - root - DEBUG - URL: https://api.v6sonar.com:443/v1/authorize?clientSecret=7cb43a1330ddd4151a1368d443bc3c783e0e996a&clientId=6b71736a
2016-10-20 15:27:55,070 - root - DEBUG - URL: https://api.v6sonar.com:443/v1/users
2016-11-18 12:18:48,095 - root - INFO - Starting up the v6sonar API wrapper
2016-11-18 12:18:48,097 - root - DEBUG - URL: https://api.v6sonar.com:443/v1/authorize?clientId=6b71736a&clientSecret=7cb43a1330ddd4151a1368d443bc3c783e0e996a
2016-11-18 12:18:48,563 - root - DEBUG - URL: https://api.v6sonar.com:443/v1/accounts/706d6d61
2016-11-18 12:18:48,892 - root - DEBUG - URL: https://api.v6sonar.com:443/v1/authorize?clientId=6b71736a&clientSecret=7cb43a1330ddd4151a1368d443bc3c783e0e996a
2016-11-18 12:18:49,366 - root - DEBUG - URL: https://api.v6sonar.com:443/v1/users
2016-12-07 14:05:17,610 - root - INFO - Starting up the v6sonar API wrapper
2016-12-07 14:05:17,611 - root - DEBUG - URL: https://api.v6sonar.com:443/v1/authorize?clientId=6b71736a&clientSecret=7cb43a1330ddd4151a1368d443bc3c783e0e996a
2016-12-07 14:05:17,860 - root - DEBUG - URL: https://api.v6sonar.com:443/v1/accounts/706d6d61
2016-12-07 14:05:17,966 - root - DEBUG - URL: https://api.v6sonar.com:443/v1/authorize?clientId=6b71736a&clientSecret=7cb43a1330ddd4151a1368d443bc3c783e0e996a
2016-12-07 14:05:18,069 - root - DEBUG - URL: https://api.v6sonar.com:443/v1/users
